2019-11-09 16:29:00.750  INFO 84644 --- [restartedMain] com.crave.edu.EducationApplication       : Starting EducationApplication on DESKTOP-2A8NULN with PID 84644 (H:\2019\Education\target\classes started by Administrator in H:\2019\Education)
2019-11-09 16:29:00.764  INFO 84644 --- [restartedMain] com.crave.edu.EducationApplication       : No active profile set, falling back to default profiles: default
2019-11-09 16:29:06.763  INFO 84644 --- [restartedMain] o.apache.catalina.core.StandardService   : Starting service [Tomcat]
2019-11-09 16:29:06.764  INFO 84644 --- [restartedMain] org.apache.catalina.core.StandardEngine  : Starting Servlet Engine: Apache Tomcat/8.5.31
2019-11-09 16:29:06.769  INFO 84644 --- [localhost-startStop-1] o.a.catalina.core.AprLifecycleListener   : The APR based Apache Tomcat Native library which allows optimal performance in production environments was not found on the java.library.path: [C:\Program Files\Java\jdk1.8.0_112\bin;C:\WINDOWS\Sun\Java\bin;C:\WINDOWS\system32;C:\WINDOWS;C:\ProgramData\Oracle\Java\javapath;I:\SoftData\Xshell\;C:\Windows\system32;C:\Windows;C:\Windows\System32\Wbem;C:\Windows\System32\WindowsPowerShell\v1.0\;C:\Windows\System32\OpenSSH\;C:\Program Files (x86)\NVIDIA Corporation\PhysX\Common;C:\Program Files\NVIDIA Corporation\NVIDIA NvDLISR;C:\WINDOWS\system32;C:\WINDOWS;C:\WINDOWS\System32\Wbem;C:\WINDOWS\System32\WindowsPowerShell\v1.0\;C:\WINDOWS\System32\OpenSSH\;C:\Program Files\Java\jdk1.8.0_112\bin;C:\Program Files\Java\jdk1.8.0_112\jre\bin;H:\2019\apache-maven-3.6.2-bin\apache-maven-3.6.2\apache-maven-3.6.2\bin;I:\SoftData\Git\cmd;C:\Users\Administrator\AppData\Local\Microsoft\WindowsApps;;.]
2019-11-09 16:29:07.210  INFO 84644 --- [localhost-startStop-1] org.apache.jasper.servlet.TldScanner     : At least one JAR was scanned for TLDs yet contained no TLDs. Enable debug logging for this logger for a complete list of JARs that were scanned but no TLDs were found in them. Skipping unneeded JARs during scanning can improve startup time and JSP compilation time.
2019-11-09 16:29:07.219  INFO 84644 --- [localhost-startStop-1] o.a.c.c.C.[Tomcat].[localhost].[/]       : Initializing Spring embedded WebApplicationContext
2019-11-09 16:29:09.527  INFO 84644 --- [restartedMain] com.crave.edu.EducationApplication       : Started EducationApplication in 9.736 seconds (JVM running for 12.246)
2019-11-09 16:29:09.635  INFO 84644 --- [restartedMain] com.alibaba.druid.pool.DruidDataSource   : {dataSource-1} inited
2019-11-09 16:29:10.062 DEBUG 84644 --- [restartedMain] c.c.e.m.W.selectByExampleWithBLOBs       : ==>  Preparing: select id, app_id, app_secret, public_q_rcode, customer_service_q_rcode, create_time, update_time , activity_explain, activity_rules, antic, curriculum, projectInfo from wechat_config 
2019-11-09 16:29:10.086 DEBUG 84644 --- [restartedMain] c.c.e.m.W.selectByExampleWithBLOBs       : ==> Parameters: 
2019-11-09 16:29:10.118 DEBUG 84644 --- [restartedMain] c.c.e.m.W.selectByExampleWithBLOBs       : <==      Total: 1
2019-11-09 16:29:12.279 ERROR 84644 --- [restartedMain] o.s.boot.SpringApplication               : Application run failed

java.lang.IllegalStateException: Failed to execute ApplicationRunner
	at org.springframework.boot.SpringApplication.callRunner(SpringApplication.java:791) [spring-boot-2.0.3.RELEASE.jar:2.0.3.RELEASE]
	at org.springframework.boot.SpringApplication.callRunners(SpringApplication.java:778) [spring-boot-2.0.3.RELEASE.jar:2.0.3.RELEASE]
	at org.springframework.boot.SpringApplication.run(SpringApplication.java:335) [spring-boot-2.0.3.RELEASE.jar:2.0.3.RELEASE]
	at org.springframework.boot.SpringApplication.run(SpringApplication.java:1255) [spring-boot-2.0.3.RELEASE.jar:2.0.3.RELEASE]
	at org.springframework.boot.SpringApplication.run(SpringApplication.java:1243) [spring-boot-2.0.3.RELEASE.jar:2.0.3.RELEASE]
	at com.crave.edu.EducationApplication.main(EducationApplication.java:21) [classes/:na]
	at sun.reflect.NativeMethodAccessorImpl.invoke0(Native Method) ~[na:1.8.0_112]
	at sun.reflect.NativeMethodAccessorImpl.invoke(NativeMethodAccessorImpl.java:62) ~[na:1.8.0_112]
	at sun.reflect.DelegatingMethodAccessorImpl.invoke(DelegatingMethodAccessorImpl.java:43) ~[na:1.8.0_112]
	at java.lang.reflect.Method.invoke(Method.java:498) ~[na:1.8.0_112]
	at org.springframework.boot.devtools.restart.RestartLauncher.run(RestartLauncher.java:49) [spring-boot-devtools-2.0.3.RELEASE.jar:2.0.3.RELEASE]
Caused by: org.springframework.data.redis.RedisConnectionFailureException: Cannot get Jedis connection; nested exception is redis.clients.jedis.exceptions.JedisConnectionException: Could not get a resource from the pool
	at org.springframework.data.redis.connection.jedis.JedisConnectionFactory.fetchJedisConnector(JedisConnectionFactory.java:286) ~[spring-data-redis-2.0.8.RELEASE.jar:2.0.8.RELEASE]
	at org.springframework.data.redis.connection.jedis.JedisConnectionFactory.getConnection(JedisConnectionFactory.java:469) ~[spring-data-redis-2.0.8.RELEASE.jar:2.0.8.RELEASE]
	at org.springframework.data.redis.core.RedisConnectionUtils.doGetConnection(RedisConnectionUtils.java:132) ~[spring-data-redis-2.0.8.RELEASE.jar:2.0.8.RELEASE]
	at org.springframework.data.redis.core.RedisConnectionUtils.getConnection(RedisConnectionUtils.java:95) ~[spring-data-redis-2.0.8.RELEASE.jar:2.0.8.RELEASE]
	at org.springframework.data.redis.core.RedisConnectionUtils.getConnection(RedisConnectionUtils.java:82) ~[spring-data-redis-2.0.8.RELEASE.jar:2.0.8.RELEASE]
	at org.springframework.data.redis.core.RedisTemplate.execute(RedisTemplate.java:211) ~[spring-data-redis-2.0.8.RELEASE.jar:2.0.8.RELEASE]
	at org.springframework.data.redis.core.RedisTemplate.execute(RedisTemplate.java:184) ~[spring-data-redis-2.0.8.RELEASE.jar:2.0.8.RELEASE]
	at org.springframework.data.redis.core.AbstractOperations.execute(AbstractOperations.java:95) ~[spring-data-redis-2.0.8.RELEASE.jar:2.0.8.RELEASE]
	at org.springframework.data.redis.core.DefaultValueOperations.set(DefaultValueOperations.java:198) ~[spring-data-redis-2.0.8.RELEASE.jar:2.0.8.RELEASE]
	at com.crave.edu.config.ApplicationRunDataInit.initWechatConfig(ApplicationRunDataInit.java:35) ~[classes/:na]
	at com.crave.edu.config.ApplicationRunDataInit.run(ApplicationRunDataInit.java:26) ~[classes/:na]
	at org.springframework.boot.SpringApplication.callRunner(SpringApplication.java:788) [spring-boot-2.0.3.RELEASE.jar:2.0.3.RELEASE]
	... 10 common frames omitted
Caused by: redis.clients.jedis.exceptions.JedisConnectionException: Could not get a resource from the pool
	at redis.clients.util.Pool.getResource(Pool.java:53) ~[jedis-2.9.0.jar:na]
	at redis.clients.jedis.JedisPool.getResource(JedisPool.java:226) ~[jedis-2.9.0.jar:na]
	at redis.clients.jedis.JedisPool.getResource(JedisPool.java:16) ~[jedis-2.9.0.jar:na]
	at org.springframework.data.redis.connection.jedis.JedisConnectionFactory.fetchJedisConnector(JedisConnectionFactory.java:276) ~[spring-data-redis-2.0.8.RELEASE.jar:2.0.8.RELEASE]
	... 21 common frames omitted
Caused by: redis.clients.jedis.exceptions.JedisConnectionException: java.net.ConnectException: Connection refused: connect
	at redis.clients.jedis.Connection.connect(Connection.java:207) ~[jedis-2.9.0.jar:na]
	at redis.clients.jedis.BinaryClient.connect(BinaryClient.java:93) ~[jedis-2.9.0.jar:na]
	at redis.clients.jedis.BinaryJedis.connect(BinaryJedis.java:1767) ~[jedis-2.9.0.jar:na]
	at redis.clients.jedis.JedisFactory.makeObject(JedisFactory.java:106) ~[jedis-2.9.0.jar:na]
	at org.apache.commons.pool2.impl.GenericObjectPool.create(GenericObjectPool.java:889) ~[commons-pool2-2.5.0.jar:2.5.0]
	at org.apache.commons.pool2.impl.GenericObjectPool.borrowObject(GenericObjectPool.java:433) ~[commons-pool2-2.5.0.jar:2.5.0]
	at org.apache.commons.pool2.impl.GenericObjectPool.borrowObject(GenericObjectPool.java:362) ~[commons-pool2-2.5.0.jar:2.5.0]
	at redis.clients.util.Pool.getResource(Pool.java:49) ~[jedis-2.9.0.jar:na]
	... 24 common frames omitted
Caused by: java.net.ConnectException: Connection refused: connect
	at java.net.DualStackPlainSocketImpl.waitForConnect(Native Method) ~[na:1.8.0_112]
	at java.net.DualStackPlainSocketImpl.socketConnect(DualStackPlainSocketImpl.java:85) ~[na:1.8.0_112]
	at java.net.AbstractPlainSocketImpl.doConnect(AbstractPlainSocketImpl.java:350) ~[na:1.8.0_112]
	at java.net.AbstractPlainSocketImpl.connectToAddress(AbstractPlainSocketImpl.java:206) ~[na:1.8.0_112]
	at java.net.AbstractPlainSocketImpl.connect(AbstractPlainSocketImpl.java:188) ~[na:1.8.0_112]
	at java.net.PlainSocketImpl.connect(PlainSocketImpl.java:172) ~[na:1.8.0_112]
	at java.net.SocksSocketImpl.connect(SocksSocketImpl.java:392) ~[na:1.8.0_112]
	at java.net.Socket.connect(Socket.java:589) ~[na:1.8.0_112]
	at redis.clients.jedis.Connection.connect(Connection.java:184) ~[jedis-2.9.0.jar:na]
	... 31 common frames omitted

2019-11-09 16:29:12.292  INFO 84644 --- [restartedMain] com.alibaba.druid.pool.DruidDataSource   : {dataSource-1} closed
2019-11-09 16:31:02.341  INFO 77748 --- [restartedMain] com.crave.edu.EducationApplication       : Starting EducationApplication on DESKTOP-2A8NULN with PID 77748 (H:\2019\Education\target\classes started by Administrator in H:\2019\Education)
2019-11-09 16:31:02.342  INFO 77748 --- [restartedMain] com.crave.edu.EducationApplication       : No active profile set, falling back to default profiles: default
2019-11-09 16:31:06.043  INFO 77748 --- [restartedMain] o.apache.catalina.core.StandardService   : Starting service [Tomcat]
2019-11-09 16:31:06.044  INFO 77748 --- [restartedMain] org.apache.catalina.core.StandardEngine  : Starting Servlet Engine: Apache Tomcat/8.5.31
2019-11-09 16:31:06.048  INFO 77748 --- [localhost-startStop-1] o.a.catalina.core.AprLifecycleListener   : The APR based Apache Tomcat Native library which allows optimal performance in production environments was not found on the java.library.path: [C:\Program Files\Java\jdk1.8.0_112\bin;C:\WINDOWS\Sun\Java\bin;C:\WINDOWS\system32;C:\WINDOWS;C:\ProgramData\Oracle\Java\javapath;I:\SoftData\Xshell\;C:\Windows\system32;C:\Windows;C:\Windows\System32\Wbem;C:\Windows\System32\WindowsPowerShell\v1.0\;C:\Windows\System32\OpenSSH\;C:\Program Files (x86)\NVIDIA Corporation\PhysX\Common;C:\Program Files\NVIDIA Corporation\NVIDIA NvDLISR;C:\WINDOWS\system32;C:\WINDOWS;C:\WINDOWS\System32\Wbem;C:\WINDOWS\System32\WindowsPowerShell\v1.0\;C:\WINDOWS\System32\OpenSSH\;C:\Program Files\Java\jdk1.8.0_112\bin;C:\Program Files\Java\jdk1.8.0_112\jre\bin;H:\2019\apache-maven-3.6.2-bin\apache-maven-3.6.2\apache-maven-3.6.2\bin;I:\SoftData\Git\cmd;C:\Users\Administrator\AppData\Local\Microsoft\WindowsApps;;.]
2019-11-09 16:31:06.437  INFO 77748 --- [localhost-startStop-1] org.apache.jasper.servlet.TldScanner     : At least one JAR was scanned for TLDs yet contained no TLDs. Enable debug logging for this logger for a complete list of JARs that were scanned but no TLDs were found in them. Skipping unneeded JARs during scanning can improve startup time and JSP compilation time.
2019-11-09 16:31:06.442  INFO 77748 --- [localhost-startStop-1] o.a.c.c.C.[Tomcat].[localhost].[/]       : Initializing Spring embedded WebApplicationContext
2019-11-09 16:31:08.293  INFO 77748 --- [restartedMain] com.crave.edu.EducationApplication       : Started EducationApplication in 6.378 seconds (JVM running for 8.561)
2019-11-09 16:31:08.372  INFO 77748 --- [restartedMain] com.alibaba.druid.pool.DruidDataSource   : {dataSource-1} inited
2019-11-09 16:31:08.702 DEBUG 77748 --- [restartedMain] c.c.e.m.W.selectByExampleWithBLOBs       : ==>  Preparing: select id, app_id, app_secret, public_q_rcode, customer_service_q_rcode, create_time, update_time , activity_explain, activity_rules, antic, curriculum, projectInfo from wechat_config 
2019-11-09 16:31:08.719 DEBUG 77748 --- [restartedMain] c.c.e.m.W.selectByExampleWithBLOBs       : ==> Parameters: 
2019-11-09 16:31:08.734 DEBUG 77748 --- [restartedMain] c.c.e.m.W.selectByExampleWithBLOBs       : <==      Total: 1
2019-11-09 16:31:32.061  INFO 77748 --- [http-nio-80-exec-2] o.a.c.c.C.[Tomcat].[localhost].[/]       : Initializing Spring FrameworkServlet 'dispatcherServlet'
2019-11-09 16:31:32.190 ERROR 77748 --- [http-nio-80-exec-2] o.a.c.c.C.[.[.[/].[dispatcherServlet]    : Servlet.service() for servlet [dispatcherServlet] in context with path [] threw exception [Request processing failed; nested exception is java.lang.IllegalStateException: No primary or default constructor found for interface org.springframework.session.Session] with root cause

java.lang.NoSuchMethodException: org.springframework.session.Session.<init>()
	at java.lang.Class.getConstructor0(Class.java:3082) ~[na:1.8.0_112]
	at java.lang.Class.getDeclaredConstructor(Class.java:2178) ~[na:1.8.0_112]
	at org.springframework.web.method.annotation.ModelAttributeMethodProcessor.createAttribute(ModelAttributeMethodProcessor.java:209) ~[spring-web-5.0.7.RELEASE.jar:5.0.7.RELEASE]
	at org.springframework.web.servlet.mvc.method.annotation.ServletModelAttributeMethodProcessor.createAttribute(ServletModelAttributeMethodProcessor.java:84) ~[spring-webmvc-5.0.7.RELEASE.jar:5.0.7.RELEASE]
	at org.springframework.web.method.annotation.ModelAttributeMethodProcessor.resolveArgument(ModelAttributeMethodProcessor.java:132) ~[spring-web-5.0.7.RELEASE.jar:5.0.7.RELEASE]
	at org.springframework.web.method.support.HandlerMethodArgumentResolverComposite.resolveArgument(HandlerMethodArgumentResolverComposite.java:124) ~[spring-web-5.0.7.RELEASE.jar:5.0.7.RELEASE]
	at org.springframework.web.method.support.InvocableHandlerMethod.getMethodArgumentValues(InvocableHandlerMethod.java:161) ~[spring-web-5.0.7.RELEASE.jar:5.0.7.RELEASE]
	at org.springframework.web.method.support.InvocableHandlerMethod.invokeForRequest(InvocableHandlerMethod.java:131) ~[spring-web-5.0.7.RELEASE.jar:5.0.7.RELEASE]
	at org.springframework.web.servlet.mvc.method.annotation.ServletInvocableHandlerMethod.invokeAndHandle(ServletInvocableHandlerMethod.java:102) ~[spring-webmvc-5.0.7.RELEASE.jar:5.0.7.RELEASE]
	at org.springframework.web.servlet.mvc.method.annotation.RequestMappingHandlerAdapter.invokeHandlerMethod(RequestMappingHandlerAdapter.java:877) ~[spring-webmvc-5.0.7.RELEASE.jar:5.0.7.RELEASE]
	at org.springframework.web.servlet.mvc.method.annotation.RequestMappingHandlerAdapter.handleInternal(RequestMappingHandlerAdapter.java:783) ~[spring-webmvc-5.0.7.RELEASE.jar:5.0.7.RELEASE]
	at org.springframework.web.servlet.mvc.method.AbstractHandlerMethodAdapter.handle(AbstractHandlerMethodAdapter.java:87) ~[spring-webmvc-5.0.7.RELEASE.jar:5.0.7.RELEASE]
	at org.springframework.web.servlet.DispatcherServlet.doDispatch(DispatcherServlet.java:991) ~[spring-webmvc-5.0.7.RELEASE.jar:5.0.7.RELEASE]
	at org.springframework.web.servlet.DispatcherServlet.doService(DispatcherServlet.java:925) ~[spring-webmvc-5.0.7.RELEASE.jar:5.0.7.RELEASE]
	at org.springframework.web.servlet.FrameworkServlet.processRequest(FrameworkServlet.java:974) ~[spring-webmvc-5.0.7.RELEASE.jar:5.0.7.RELEASE]
	at org.springframework.web.servlet.FrameworkServlet.doPost(FrameworkServlet.java:877) ~[spring-webmvc-5.0.7.RELEASE.jar:5.0.7.RELEASE]
	at javax.servlet.http.HttpServlet.service(HttpServlet.java:661) ~[tomcat-embed-core-8.5.31.jar:8.5.31]
	at org.springframework.web.servlet.FrameworkServlet.service(FrameworkServlet.java:851) ~[spring-webmvc-5.0.7.RELEASE.jar:5.0.7.RELEASE]
	at javax.servlet.http.HttpServlet.service(HttpServlet.java:742) ~[tomcat-embed-core-8.5.31.jar:8.5.31]
	at org.apache.catalina.core.ApplicationFilterChain.internalDoFilter(ApplicationFilterChain.java:231) ~[tomcat-embed-core-8.5.31.jar:8.5.31]
	at org.apache.catalina.core.ApplicationFilterChain.doFilter(ApplicationFilterChain.java:166) ~[tomcat-embed-core-8.5.31.jar:8.5.31]
	at org.apache.tomcat.websocket.server.WsFilter.doFilter(WsFilter.java:52) ~[tomcat-embed-websocket-8.5.31.jar:8.5.31]
	at org.apache.catalina.core.ApplicationFilterChain.internalDoFilter(ApplicationFilterChain.java:193) ~[tomcat-embed-core-8.5.31.jar:8.5.31]
	at org.apache.catalina.core.ApplicationFilterChain.doFilter(ApplicationFilterChain.java:166) ~[tomcat-embed-core-8.5.31.jar:8.5.31]
	at org.apache.shiro.web.servlet.ProxiedFilterChain.doFilter(ProxiedFilterChain.java:61) ~[shiro-web-1.3.2.jar:1.3.2]
	at org.apache.shiro.web.servlet.AdviceFilter.executeChain(AdviceFilter.java:108) ~[shiro-web-1.3.2.jar:1.3.2]
	at org.apache.shiro.web.servlet.AdviceFilter.doFilterInternal(AdviceFilter.java:137) ~[shiro-web-1.3.2.jar:1.3.2]
	at org.apache.shiro.web.servlet.OncePerRequestFilter.doFilter(OncePerRequestFilter.java:125) ~[shiro-web-1.3.2.jar:1.3.2]
	at org.apache.shiro.web.servlet.ProxiedFilterChain.doFilter(ProxiedFilterChain.java:66) ~[shiro-web-1.3.2.jar:1.3.2]
	at org.apache.shiro.web.servlet.AbstractShiroFilter.executeChain(AbstractShiroFilter.java:449) ~[shiro-web-1.3.2.jar:1.3.2]
	at org.apache.shiro.web.servlet.AbstractShiroFilter$1.call(AbstractShiroFilter.java:365) ~[shiro-web-1.3.2.jar:1.3.2]
	at org.apache.shiro.subject.support.SubjectCallable.doCall(SubjectCallable.java:90) ~[shiro-core-1.3.2.jar:1.3.2]
	at org.apache.shiro.subject.support.SubjectCallable.call(SubjectCallable.java:83) ~[shiro-core-1.3.2.jar:1.3.2]
	at org.apache.shiro.subject.support.DelegatingSubject.execute(DelegatingSubject.java:383) ~[shiro-core-1.3.2.jar:1.3.2]
	at org.apache.shiro.web.servlet.AbstractShiroFilter.doFilterInternal(AbstractShiroFilter.java:362) ~[shiro-web-1.3.2.jar:1.3.2]
	at org.apache.shiro.web.servlet.OncePerRequestFilter.doFilter(OncePerRequestFilter.java:125) ~[shiro-web-1.3.2.jar:1.3.2]
	at org.apache.catalina.core.ApplicationFilterChain.internalDoFilter(ApplicationFilterChain.java:193) ~[tomcat-embed-core-8.5.31.jar:8.5.31]
	at org.apache.catalina.core.ApplicationFilterChain.doFilter(ApplicationFilterChain.java:166) ~[tomcat-embed-core-8.5.31.jar:8.5.31]
	at org.springframework.web.filter.RequestContextFilter.doFilterInternal(RequestContextFilter.java:99) ~[spring-web-5.0.7.RELEASE.jar:5.0.7.RELEASE]
	at org.springframework.web.filter.OncePerRequestFilter.doFilter(OncePerRequestFilter.java:107) ~[spring-web-5.0.7.RELEASE.jar:5.0.7.RELEASE]
	at org.apache.catalina.core.ApplicationFilterChain.internalDoFilter(ApplicationFilterChain.java:193) ~[tomcat-embed-core-8.5.31.jar:8.5.31]
	at org.apache.catalina.core.ApplicationFilterChain.doFilter(ApplicationFilterChain.java:166) ~[tomcat-embed-core-8.5.31.jar:8.5.31]
	at org.springframework.web.filter.HttpPutFormContentFilter.doFilterInternal(HttpPutFormContentFilter.java:109) ~[spring-web-5.0.7.RELEASE.jar:5.0.7.RELEASE]
	at org.springframework.web.filter.OncePerRequestFilter.doFilter(OncePerRequestFilter.java:107) ~[spring-web-5.0.7.RELEASE.jar:5.0.7.RELEASE]
	at org.apache.catalina.core.ApplicationFilterChain.internalDoFilter(ApplicationFilterChain.java:193) ~[tomcat-embed-core-8.5.31.jar:8.5.31]
	at org.apache.catalina.core.ApplicationFilterChain.doFilter(ApplicationFilterChain.java:166) ~[tomcat-embed-core-8.5.31.jar:8.5.31]
	at org.springframework.web.filter.HiddenHttpMethodFilter.doFilterInternal(HiddenHttpMethodFilter.java:93) ~[spring-web-5.0.7.RELEASE.jar:5.0.7.RELEASE]
	at org.springframework.web.filter.OncePerRequestFilter.doFilter(OncePerRequestFilter.java:107) ~[spring-web-5.0.7.RELEASE.jar:5.0.7.RELEASE]
	at org.apache.catalina.core.ApplicationFilterChain.internalDoFilter(ApplicationFilterChain.java:193) ~[tomcat-embed-core-8.5.31.jar:8.5.31]
	at org.apache.catalina.core.ApplicationFilterChain.doFilter(ApplicationFilterChain.java:166) ~[tomcat-embed-core-8.5.31.jar:8.5.31]
	at org.springframework.web.filter.CharacterEncodingFilter.doFilterInternal(CharacterEncodingFilter.java:200) ~[spring-web-5.0.7.RELEASE.jar:5.0.7.RELEASE]
	at org.springframework.web.filter.OncePerRequestFilter.doFilter(OncePerRequestFilter.java:107) ~[spring-web-5.0.7.RELEASE.jar:5.0.7.RELEASE]
	at org.apache.catalina.core.ApplicationFilterChain.internalDoFilter(ApplicationFilterChain.java:193) ~[tomcat-embed-core-8.5.31.jar:8.5.31]
	at org.apache.catalina.core.ApplicationFilterChain.doFilter(ApplicationFilterChain.java:166) ~[tomcat-embed-core-8.5.31.jar:8.5.31]
	at org.apache.catalina.core.StandardWrapperValve.invoke(StandardWrapperValve.java:198) ~[tomcat-embed-core-8.5.31.jar:8.5.31]
	at org.apache.catalina.core.StandardContextValve.invoke(StandardContextValve.java:96) [tomcat-embed-core-8.5.31.jar:8.5.31]
	at org.apache.catalina.authenticator.AuthenticatorBase.invoke(AuthenticatorBase.java:496) [tomcat-embed-core-8.5.31.jar:8.5.31]
	at org.apache.catalina.core.StandardHostValve.invoke(StandardHostValve.java:140) [tomcat-embed-core-8.5.31.jar:8.5.31]
	at org.apache.catalina.valves.ErrorReportValve.invoke(ErrorReportValve.java:81) [tomcat-embed-core-8.5.31.jar:8.5.31]
	at org.apache.catalina.core.StandardEngineValve.invoke(StandardEngineValve.java:87) [tomcat-embed-core-8.5.31.jar:8.5.31]
	at org.apache.catalina.valves.RemoteIpValve.invoke(RemoteIpValve.java:677) [tomcat-embed-core-8.5.31.jar:8.5.31]
	at org.apache.catalina.connector.CoyoteAdapter.service(CoyoteAdapter.java:342) [tomcat-embed-core-8.5.31.jar:8.5.31]
	at org.apache.coyote.http11.Http11Processor.service(Http11Processor.java:803) [tomcat-embed-core-8.5.31.jar:8.5.31]
	at org.apache.coyote.AbstractProcessorLight.process(AbstractProcessorLight.java:66) [tomcat-embed-core-8.5.31.jar:8.5.31]
	at org.apache.coyote.AbstractProtocol$ConnectionHandler.process(AbstractProtocol.java:790) [tomcat-embed-core-8.5.31.jar:8.5.31]
	at org.apache.tomcat.util.net.NioEndpoint$SocketProcessor.doRun(NioEndpoint.java:1468) [tomcat-embed-core-8.5.31.jar:8.5.31]
	at org.apache.tomcat.util.net.SocketProcessorBase.run(SocketProcessorBase.java:49) [tomcat-embed-core-8.5.31.jar:8.5.31]
	at java.util.concurrent.ThreadPoolExecutor.runWorker(ThreadPoolExecutor.java:1142) [na:1.8.0_112]
	at java.util.concurrent.ThreadPoolExecutor$Worker.run(ThreadPoolExecutor.java:617) [na:1.8.0_112]
	at org.apache.tomcat.util.threads.TaskThread$WrappingRunnable.run(TaskThread.java:61) [tomcat-embed-core-8.5.31.jar:8.5.31]
	at java.lang.Thread.run(Thread.java:745) [na:1.8.0_112]

2019-11-09 16:32:06.582 ERROR 77748 --- [http-nio-80-exec-5] o.a.c.c.C.[.[.[/].[dispatcherServlet]    : Servlet.service() for servlet [dispatcherServlet] in context with path [] threw exception [Request processing failed; nested exception is java.lang.IllegalStateException: No primary or default constructor found for interface org.springframework.session.Session] with root cause

java.lang.NoSuchMethodException: org.springframework.session.Session.<init>()
	at java.lang.Class.getConstructor0(Class.java:3082) ~[na:1.8.0_112]
	at java.lang.Class.getDeclaredConstructor(Class.java:2178) ~[na:1.8.0_112]
	at org.springframework.web.method.annotation.ModelAttributeMethodProcessor.createAttribute(ModelAttributeMethodProcessor.java:209) ~[spring-web-5.0.7.RELEASE.jar:5.0.7.RELEASE]
	at org.springframework.web.servlet.mvc.method.annotation.ServletModelAttributeMethodProcessor.createAttribute(ServletModelAttributeMethodProcessor.java:84) ~[spring-webmvc-5.0.7.RELEASE.jar:5.0.7.RELEASE]
	at org.springframework.web.method.annotation.ModelAttributeMethodProcessor.resolveArgument(ModelAttributeMethodProcessor.java:132) ~[spring-web-5.0.7.RELEASE.jar:5.0.7.RELEASE]
	at org.springframework.web.method.support.HandlerMethodArgumentResolverComposite.resolveArgument(HandlerMethodArgumentResolverComposite.java:124) ~[spring-web-5.0.7.RELEASE.jar:5.0.7.RELEASE]
	at org.springframework.web.method.support.InvocableHandlerMethod.getMethodArgumentValues(InvocableHandlerMethod.java:161) ~[spring-web-5.0.7.RELEASE.jar:5.0.7.RELEASE]
	at org.springframework.web.method.support.InvocableHandlerMethod.invokeForRequest(InvocableHandlerMethod.java:131) ~[spring-web-5.0.7.RELEASE.jar:5.0.7.RELEASE]
	at org.springframework.web.servlet.mvc.method.annotation.ServletInvocableHandlerMethod.invokeAndHandle(ServletInvocableHandlerMethod.java:102) ~[spring-webmvc-5.0.7.RELEASE.jar:5.0.7.RELEASE]
	at org.springframework.web.servlet.mvc.method.annotation.RequestMappingHandlerAdapter.invokeHandlerMethod(RequestMappingHandlerAdapter.java:877) ~[spring-webmvc-5.0.7.RELEASE.jar:5.0.7.RELEASE]
	at org.springframework.web.servlet.mvc.method.annotation.RequestMappingHandlerAdapter.handleInternal(RequestMappingHandlerAdapter.java:783) ~[spring-webmvc-5.0.7.RELEASE.jar:5.0.7.RELEASE]
	at org.springframework.web.servlet.mvc.method.AbstractHandlerMethodAdapter.handle(AbstractHandlerMethodAdapter.java:87) ~[spring-webmvc-5.0.7.RELEASE.jar:5.0.7.RELEASE]
	at org.springframework.web.servlet.DispatcherServlet.doDispatch(DispatcherServlet.java:991) ~[spring-webmvc-5.0.7.RELEASE.jar:5.0.7.RELEASE]
	at org.springframework.web.servlet.DispatcherServlet.doService(DispatcherServlet.java:925) ~[spring-webmvc-5.0.7.RELEASE.jar:5.0.7.RELEASE]
	at org.springframework.web.servlet.FrameworkServlet.processRequest(FrameworkServlet.java:974) ~[spring-webmvc-5.0.7.RELEASE.jar:5.0.7.RELEASE]
	at org.springframework.web.servlet.FrameworkServlet.doPost(FrameworkServlet.java:877) ~[spring-webmvc-5.0.7.RELEASE.jar:5.0.7.RELEASE]
	at javax.servlet.http.HttpServlet.service(HttpServlet.java:661) ~[tomcat-embed-core-8.5.31.jar:8.5.31]
	at org.springframework.web.servlet.FrameworkServlet.service(FrameworkServlet.java:851) ~[spring-webmvc-5.0.7.RELEASE.jar:5.0.7.RELEASE]
	at javax.servlet.http.HttpServlet.service(HttpServlet.java:742) ~[tomcat-embed-core-8.5.31.jar:8.5.31]
	at org.apache.catalina.core.ApplicationFilterChain.internalDoFilter(ApplicationFilterChain.java:231) ~[tomcat-embed-core-8.5.31.jar:8.5.31]
	at org.apache.catalina.core.ApplicationFilterChain.doFilter(ApplicationFilterChain.java:166) ~[tomcat-embed-core-8.5.31.jar:8.5.31]
	at org.apache.tomcat.websocket.server.WsFilter.doFilter(WsFilter.java:52) ~[tomcat-embed-websocket-8.5.31.jar:8.5.31]
	at org.apache.catalina.core.ApplicationFilterChain.internalDoFilter(ApplicationFilterChain.java:193) ~[tomcat-embed-core-8.5.31.jar:8.5.31]
	at org.apache.catalina.core.ApplicationFilterChain.doFilter(ApplicationFilterChain.java:166) ~[tomcat-embed-core-8.5.31.jar:8.5.31]
	at org.apache.shiro.web.servlet.ProxiedFilterChain.doFilter(ProxiedFilterChain.java:61) ~[shiro-web-1.3.2.jar:1.3.2]
	at org.apache.shiro.web.servlet.AdviceFilter.executeChain(AdviceFilter.java:108) ~[shiro-web-1.3.2.jar:1.3.2]
	at org.apache.shiro.web.servlet.AdviceFilter.doFilterInternal(AdviceFilter.java:137) ~[shiro-web-1.3.2.jar:1.3.2]
	at org.apache.shiro.web.servlet.OncePerRequestFilter.doFilter(OncePerRequestFilter.java:125) ~[shiro-web-1.3.2.jar:1.3.2]
	at org.apache.shiro.web.servlet.ProxiedFilterChain.doFilter(ProxiedFilterChain.java:66) ~[shiro-web-1.3.2.jar:1.3.2]
	at org.apache.shiro.web.servlet.AbstractShiroFilter.executeChain(AbstractShiroFilter.java:449) ~[shiro-web-1.3.2.jar:1.3.2]
	at org.apache.shiro.web.servlet.AbstractShiroFilter$1.call(AbstractShiroFilter.java:365) ~[shiro-web-1.3.2.jar:1.3.2]
	at org.apache.shiro.subject.support.SubjectCallable.doCall(SubjectCallable.java:90) ~[shiro-core-1.3.2.jar:1.3.2]
	at org.apache.shiro.subject.support.SubjectCallable.call(SubjectCallable.java:83) ~[shiro-core-1.3.2.jar:1.3.2]
	at org.apache.shiro.subject.support.DelegatingSubject.execute(DelegatingSubject.java:383) ~[shiro-core-1.3.2.jar:1.3.2]
	at org.apache.shiro.web.servlet.AbstractShiroFilter.doFilterInternal(AbstractShiroFilter.java:362) ~[shiro-web-1.3.2.jar:1.3.2]
	at org.apache.shiro.web.servlet.OncePerRequestFilter.doFilter(OncePerRequestFilter.java:125) ~[shiro-web-1.3.2.jar:1.3.2]
	at org.apache.catalina.core.ApplicationFilterChain.internalDoFilter(ApplicationFilterChain.java:193) ~[tomcat-embed-core-8.5.31.jar:8.5.31]
	at org.apache.catalina.core.ApplicationFilterChain.doFilter(ApplicationFilterChain.java:166) ~[tomcat-embed-core-8.5.31.jar:8.5.31]
	at org.springframework.web.filter.RequestContextFilter.doFilterInternal(RequestContextFilter.java:99) ~[spring-web-5.0.7.RELEASE.jar:5.0.7.RELEASE]
	at org.springframework.web.filter.OncePerRequestFilter.doFilter(OncePerRequestFilter.java:107) ~[spring-web-5.0.7.RELEASE.jar:5.0.7.RELEASE]
	at org.apache.catalina.core.ApplicationFilterChain.internalDoFilter(ApplicationFilterChain.java:193) ~[tomcat-embed-core-8.5.31.jar:8.5.31]
	at org.apache.catalina.core.ApplicationFilterChain.doFilter(ApplicationFilterChain.java:166) ~[tomcat-embed-core-8.5.31.jar:8.5.31]
	at org.springframework.web.filter.HttpPutFormContentFilter.doFilterInternal(HttpPutFormContentFilter.java:109) ~[spring-web-5.0.7.RELEASE.jar:5.0.7.RELEASE]
	at org.springframework.web.filter.OncePerRequestFilter.doFilter(OncePerRequestFilter.java:107) ~[spring-web-5.0.7.RELEASE.jar:5.0.7.RELEASE]
	at org.apache.catalina.core.ApplicationFilterChain.internalDoFilter(ApplicationFilterChain.java:193) ~[tomcat-embed-core-8.5.31.jar:8.5.31]
	at org.apache.catalina.core.ApplicationFilterChain.doFilter(ApplicationFilterChain.java:166) ~[tomcat-embed-core-8.5.31.jar:8.5.31]
	at org.springframework.web.filter.HiddenHttpMethodFilter.doFilterInternal(HiddenHttpMethodFilter.java:93) ~[spring-web-5.0.7.RELEASE.jar:5.0.7.RELEASE]
	at org.springframework.web.filter.OncePerRequestFilter.doFilter(OncePerRequestFilter.java:107) ~[spring-web-5.0.7.RELEASE.jar:5.0.7.RELEASE]
	at org.apache.catalina.core.ApplicationFilterChain.internalDoFilter(ApplicationFilterChain.java:193) ~[tomcat-embed-core-8.5.31.jar:8.5.31]
	at org.apache.catalina.core.ApplicationFilterChain.doFilter(ApplicationFilterChain.java:166) ~[tomcat-embed-core-8.5.31.jar:8.5.31]
	at org.springframework.web.filter.CharacterEncodingFilter.doFilterInternal(CharacterEncodingFilter.java:200) ~[spring-web-5.0.7.RELEASE.jar:5.0.7.RELEASE]
	at org.springframework.web.filter.OncePerRequestFilter.doFilter(OncePerRequestFilter.java:107) ~[spring-web-5.0.7.RELEASE.jar:5.0.7.RELEASE]
	at org.apache.catalina.core.ApplicationFilterChain.internalDoFilter(ApplicationFilterChain.java:193) ~[tomcat-embed-core-8.5.31.jar:8.5.31]
	at org.apache.catalina.core.ApplicationFilterChain.doFilter(ApplicationFilterChain.java:166) ~[tomcat-embed-core-8.5.31.jar:8.5.31]
	at org.apache.catalina.core.StandardWrapperValve.invoke(StandardWrapperValve.java:198) ~[tomcat-embed-core-8.5.31.jar:8.5.31]
	at org.apache.catalina.core.StandardContextValve.invoke(StandardContextValve.java:96) [tomcat-embed-core-8.5.31.jar:8.5.31]
	at org.apache.catalina.authenticator.AuthenticatorBase.invoke(AuthenticatorBase.java:496) [tomcat-embed-core-8.5.31.jar:8.5.31]
	at org.apache.catalina.core.StandardHostValve.invoke(StandardHostValve.java:140) [tomcat-embed-core-8.5.31.jar:8.5.31]
	at org.apache.catalina.valves.ErrorReportValve.invoke(ErrorReportValve.java:81) [tomcat-embed-core-8.5.31.jar:8.5.31]
	at org.apache.catalina.core.StandardEngineValve.invoke(StandardEngineValve.java:87) [tomcat-embed-core-8.5.31.jar:8.5.31]
	at org.apache.catalina.valves.RemoteIpValve.invoke(RemoteIpValve.java:677) [tomcat-embed-core-8.5.31.jar:8.5.31]
	at org.apache.catalina.connector.CoyoteAdapter.service(CoyoteAdapter.java:342) [tomcat-embed-core-8.5.31.jar:8.5.31]
	at org.apache.coyote.http11.Http11Processor.service(Http11Processor.java:803) [tomcat-embed-core-8.5.31.jar:8.5.31]
	at org.apache.coyote.AbstractProcessorLight.process(AbstractProcessorLight.java:66) [tomcat-embed-core-8.5.31.jar:8.5.31]
	at org.apache.coyote.AbstractProtocol$ConnectionHandler.process(AbstractProtocol.java:790) [tomcat-embed-core-8.5.31.jar:8.5.31]
	at org.apache.tomcat.util.net.NioEndpoint$SocketProcessor.doRun(NioEndpoint.java:1468) [tomcat-embed-core-8.5.31.jar:8.5.31]
	at org.apache.tomcat.util.net.SocketProcessorBase.run(SocketProcessorBase.java:49) [tomcat-embed-core-8.5.31.jar:8.5.31]
	at java.util.concurrent.ThreadPoolExecutor.runWorker(ThreadPoolExecutor.java:1142) [na:1.8.0_112]
	at java.util.concurrent.ThreadPoolExecutor$Worker.run(ThreadPoolExecutor.java:617) [na:1.8.0_112]
	at org.apache.tomcat.util.threads.TaskThread$WrappingRunnable.run(TaskThread.java:61) [tomcat-embed-core-8.5.31.jar:8.5.31]
	at java.lang.Thread.run(Thread.java:745) [na:1.8.0_112]

2019-11-09 16:32:19.155 ERROR 77748 --- [http-nio-80-exec-6] o.a.c.c.C.[.[.[/].[dispatcherServlet]    : Servlet.service() for servlet [dispatcherServlet] in context with path [] threw exception [Request processing failed; nested exception is java.lang.IllegalStateException: No primary or default constructor found for interface org.springframework.session.Session] with root cause

java.lang.NoSuchMethodException: org.springframework.session.Session.<init>()
	at java.lang.Class.getConstructor0(Class.java:3082) ~[na:1.8.0_112]
	at java.lang.Class.getDeclaredConstructor(Class.java:2178) ~[na:1.8.0_112]
	at org.springframework.web.method.annotation.ModelAttributeMethodProcessor.createAttribute(ModelAttributeMethodProcessor.java:209) ~[spring-web-5.0.7.RELEASE.jar:5.0.7.RELEASE]
	at org.springframework.web.servlet.mvc.method.annotation.ServletModelAttributeMethodProcessor.createAttribute(ServletModelAttributeMethodProcessor.java:84) ~[spring-webmvc-5.0.7.RELEASE.jar:5.0.7.RELEASE]
	at org.springframework.web.method.annotation.ModelAttributeMethodProcessor.resolveArgument(ModelAttributeMethodProcessor.java:132) ~[spring-web-5.0.7.RELEASE.jar:5.0.7.RELEASE]
	at org.springframework.web.method.support.HandlerMethodArgumentResolverComposite.resolveArgument(HandlerMethodArgumentResolverComposite.java:124) ~[spring-web-5.0.7.RELEASE.jar:5.0.7.RELEASE]
	at org.springframework.web.method.support.InvocableHandlerMethod.getMethodArgumentValues(InvocableHandlerMethod.java:161) ~[spring-web-5.0.7.RELEASE.jar:5.0.7.RELEASE]
	at org.springframework.web.method.support.InvocableHandlerMethod.invokeForRequest(InvocableHandlerMethod.java:131) ~[spring-web-5.0.7.RELEASE.jar:5.0.7.RELEASE]
	at org.springframework.web.servlet.mvc.method.annotation.ServletInvocableHandlerMethod.invokeAndHandle(ServletInvocableHandlerMethod.java:102) ~[spring-webmvc-5.0.7.RELEASE.jar:5.0.7.RELEASE]
	at org.springframework.web.servlet.mvc.method.annotation.RequestMappingHandlerAdapter.invokeHandlerMethod(RequestMappingHandlerAdapter.java:877) ~[spring-webmvc-5.0.7.RELEASE.jar:5.0.7.RELEASE]
	at org.springframework.web.servlet.mvc.method.annotation.RequestMappingHandlerAdapter.handleInternal(RequestMappingHandlerAdapter.java:783) ~[spring-webmvc-5.0.7.RELEASE.jar:5.0.7.RELEASE]
	at org.springframework.web.servlet.mvc.method.AbstractHandlerMethodAdapter.handle(AbstractHandlerMethodAdapter.java:87) ~[spring-webmvc-5.0.7.RELEASE.jar:5.0.7.RELEASE]
	at org.springframework.web.servlet.DispatcherServlet.doDispatch(DispatcherServlet.java:991) ~[spring-webmvc-5.0.7.RELEASE.jar:5.0.7.RELEASE]
	at org.springframework.web.servlet.DispatcherServlet.doService(DispatcherServlet.java:925) ~[spring-webmvc-5.0.7.RELEASE.jar:5.0.7.RELEASE]
	at org.springframework.web.servlet.FrameworkServlet.processRequest(FrameworkServlet.java:974) ~[spring-webmvc-5.0.7.RELEASE.jar:5.0.7.RELEASE]
	at org.springframework.web.servlet.FrameworkServlet.doPost(FrameworkServlet.java:877) ~[spring-webmvc-5.0.7.RELEASE.jar:5.0.7.RELEASE]
	at javax.servlet.http.HttpServlet.service(HttpServlet.java:661) ~[tomcat-embed-core-8.5.31.jar:8.5.31]
	at org.springframework.web.servlet.FrameworkServlet.service(FrameworkServlet.java:851) ~[spring-webmvc-5.0.7.RELEASE.jar:5.0.7.RELEASE]
	at javax.servlet.http.HttpServlet.service(HttpServlet.java:742) ~[tomcat-embed-core-8.5.31.jar:8.5.31]
	at org.apache.catalina.core.ApplicationFilterChain.internalDoFilter(ApplicationFilterChain.java:231) ~[tomcat-embed-core-8.5.31.jar:8.5.31]
	at org.apache.catalina.core.ApplicationFilterChain.doFilter(ApplicationFilterChain.java:166) ~[tomcat-embed-core-8.5.31.jar:8.5.31]
	at org.apache.tomcat.websocket.server.WsFilter.doFilter(WsFilter.java:52) ~[tomcat-embed-websocket-8.5.31.jar:8.5.31]
	at org.apache.catalina.core.ApplicationFilterChain.internalDoFilter(ApplicationFilterChain.java:193) ~[tomcat-embed-core-8.5.31.jar:8.5.31]
	at org.apache.catalina.core.ApplicationFilterChain.doFilter(ApplicationFilterChain.java:166) ~[tomcat-embed-core-8.5.31.jar:8.5.31]
	at org.apache.shiro.web.servlet.ProxiedFilterChain.doFilter(ProxiedFilterChain.java:61) ~[shiro-web-1.3.2.jar:1.3.2]
	at org.apache.shiro.web.servlet.AdviceFilter.executeChain(AdviceFilter.java:108) ~[shiro-web-1.3.2.jar:1.3.2]
	at org.apache.shiro.web.servlet.AdviceFilter.doFilterInternal(AdviceFilter.java:137) ~[shiro-web-1.3.2.jar:1.3.2]
	at org.apache.shiro.web.servlet.OncePerRequestFilter.doFilter(OncePerRequestFilter.java:125) ~[shiro-web-1.3.2.jar:1.3.2]
	at org.apache.shiro.web.servlet.ProxiedFilterChain.doFilter(ProxiedFilterChain.java:66) ~[shiro-web-1.3.2.jar:1.3.2]
	at org.apache.shiro.web.servlet.AbstractShiroFilter.executeChain(AbstractShiroFilter.java:449) ~[shiro-web-1.3.2.jar:1.3.2]
	at org.apache.shiro.web.servlet.AbstractShiroFilter$1.call(AbstractShiroFilter.java:365) ~[shiro-web-1.3.2.jar:1.3.2]
	at org.apache.shiro.subject.support.SubjectCallable.doCall(SubjectCallable.java:90) ~[shiro-core-1.3.2.jar:1.3.2]
	at org.apache.shiro.subject.support.SubjectCallable.call(SubjectCallable.java:83) ~[shiro-core-1.3.2.jar:1.3.2]
	at org.apache.shiro.subject.support.DelegatingSubject.execute(DelegatingSubject.java:383) ~[shiro-core-1.3.2.jar:1.3.2]
	at org.apache.shiro.web.servlet.AbstractShiroFilter.doFilterInternal(AbstractShiroFilter.java:362) ~[shiro-web-1.3.2.jar:1.3.2]
	at org.apache.shiro.web.servlet.OncePerRequestFilter.doFilter(OncePerRequestFilter.java:125) ~[shiro-web-1.3.2.jar:1.3.2]
	at org.apache.catalina.core.ApplicationFilterChain.internalDoFilter(ApplicationFilterChain.java:193) ~[tomcat-embed-core-8.5.31.jar:8.5.31]
	at org.apache.catalina.core.ApplicationFilterChain.doFilter(ApplicationFilterChain.java:166) ~[tomcat-embed-core-8.5.31.jar:8.5.31]
	at org.springframework.web.filter.RequestContextFilter.doFilterInternal(RequestContextFilter.java:99) ~[spring-web-5.0.7.RELEASE.jar:5.0.7.RELEASE]
	at org.springframework.web.filter.OncePerRequestFilter.doFilter(OncePerRequestFilter.java:107) ~[spring-web-5.0.7.RELEASE.jar:5.0.7.RELEASE]
	at org.apache.catalina.core.ApplicationFilterChain.internalDoFilter(ApplicationFilterChain.java:193) ~[tomcat-embed-core-8.5.31.jar:8.5.31]
	at org.apache.catalina.core.ApplicationFilterChain.doFilter(ApplicationFilterChain.java:166) ~[tomcat-embed-core-8.5.31.jar:8.5.31]
	at org.springframework.web.filter.HttpPutFormContentFilter.doFilterInternal(HttpPutFormContentFilter.java:109) ~[spring-web-5.0.7.RELEASE.jar:5.0.7.RELEASE]
	at org.springframework.web.filter.OncePerRequestFilter.doFilter(OncePerRequestFilter.java:107) ~[spring-web-5.0.7.RELEASE.jar:5.0.7.RELEASE]
	at org.apache.catalina.core.ApplicationFilterChain.internalDoFilter(ApplicationFilterChain.java:193) ~[tomcat-embed-core-8.5.31.jar:8.5.31]
	at org.apache.catalina.core.ApplicationFilterChain.doFilter(ApplicationFilterChain.java:166) ~[tomcat-embed-core-8.5.31.jar:8.5.31]
	at org.springframework.web.filter.HiddenHttpMethodFilter.doFilterInternal(HiddenHttpMethodFilter.java:93) ~[spring-web-5.0.7.RELEASE.jar:5.0.7.RELEASE]
	at org.springframework.web.filter.OncePerRequestFilter.doFilter(OncePerRequestFilter.java:107) ~[spring-web-5.0.7.RELEASE.jar:5.0.7.RELEASE]
	at org.apache.catalina.core.ApplicationFilterChain.internalDoFilter(ApplicationFilterChain.java:193) ~[tomcat-embed-core-8.5.31.jar:8.5.31]
	at org.apache.catalina.core.ApplicationFilterChain.doFilter(ApplicationFilterChain.java:166) ~[tomcat-embed-core-8.5.31.jar:8.5.31]
	at org.springframework.web.filter.CharacterEncodingFilter.doFilterInternal(CharacterEncodingFilter.java:200) ~[spring-web-5.0.7.RELEASE.jar:5.0.7.RELEASE]
	at org.springframework.web.filter.OncePerRequestFilter.doFilter(OncePerRequestFilter.java:107) ~[spring-web-5.0.7.RELEASE.jar:5.0.7.RELEASE]
	at org.apache.catalina.core.ApplicationFilterChain.internalDoFilter(ApplicationFilterChain.java:193) ~[tomcat-embed-core-8.5.31.jar:8.5.31]
	at org.apache.catalina.core.ApplicationFilterChain.doFilter(ApplicationFilterChain.java:166) ~[tomcat-embed-core-8.5.31.jar:8.5.31]
	at org.apache.catalina.core.StandardWrapperValve.invoke(StandardWrapperValve.java:198) ~[tomcat-embed-core-8.5.31.jar:8.5.31]
	at org.apache.catalina.core.StandardContextValve.invoke(StandardContextValve.java:96) [tomcat-embed-core-8.5.31.jar:8.5.31]
	at org.apache.catalina.authenticator.AuthenticatorBase.invoke(AuthenticatorBase.java:496) [tomcat-embed-core-8.5.31.jar:8.5.31]
	at org.apache.catalina.core.StandardHostValve.invoke(StandardHostValve.java:140) [tomcat-embed-core-8.5.31.jar:8.5.31]
	at org.apache.catalina.valves.ErrorReportValve.invoke(ErrorReportValve.java:81) [tomcat-embed-core-8.5.31.jar:8.5.31]
	at org.apache.catalina.core.StandardEngineValve.invoke(StandardEngineValve.java:87) [tomcat-embed-core-8.5.31.jar:8.5.31]
	at org.apache.catalina.valves.RemoteIpValve.invoke(RemoteIpValve.java:677) [tomcat-embed-core-8.5.31.jar:8.5.31]
	at org.apache.catalina.connector.CoyoteAdapter.service(CoyoteAdapter.java:342) [tomcat-embed-core-8.5.31.jar:8.5.31]
	at org.apache.coyote.http11.Http11Processor.service(Http11Processor.java:803) [tomcat-embed-core-8.5.31.jar:8.5.31]
	at org.apache.coyote.AbstractProcessorLight.process(AbstractProcessorLight.java:66) [tomcat-embed-core-8.5.31.jar:8.5.31]
	at org.apache.coyote.AbstractProtocol$ConnectionHandler.process(AbstractProtocol.java:790) [tomcat-embed-core-8.5.31.jar:8.5.31]
	at org.apache.tomcat.util.net.NioEndpoint$SocketProcessor.doRun(NioEndpoint.java:1468) [tomcat-embed-core-8.5.31.jar:8.5.31]
	at org.apache.tomcat.util.net.SocketProcessorBase.run(SocketProcessorBase.java:49) [tomcat-embed-core-8.5.31.jar:8.5.31]
	at java.util.concurrent.ThreadPoolExecutor.runWorker(ThreadPoolExecutor.java:1142) [na:1.8.0_112]
	at java.util.concurrent.ThreadPoolExecutor$Worker.run(ThreadPoolExecutor.java:617) [na:1.8.0_112]
	at org.apache.tomcat.util.threads.TaskThread$WrappingRunnable.run(TaskThread.java:61) [tomcat-embed-core-8.5.31.jar:8.5.31]
	at java.lang.Thread.run(Thread.java:745) [na:1.8.0_112]

2019-11-09 16:33:11.273  INFO 77748 --- [Thread-6] com.alibaba.druid.pool.DruidDataSource   : {dataSource-1} closed
2019-11-09 16:33:12.137  INFO 77748 --- [restartedMain] com.crave.edu.EducationApplication       : Starting EducationApplication on DESKTOP-2A8NULN with PID 77748 (H:\2019\Education\target\classes started by Administrator in H:\2019\Education)
2019-11-09 16:33:12.137  INFO 77748 --- [restartedMain] com.crave.edu.EducationApplication       : No active profile set, falling back to default profiles: default
2019-11-09 16:33:13.040  INFO 77748 --- [restartedMain] o.apache.catalina.core.StandardService   : Starting service [Tomcat]
2019-11-09 16:33:13.040  INFO 77748 --- [restartedMain] org.apache.catalina.core.StandardEngine  : Starting Servlet Engine: Apache Tomcat/8.5.31
2019-11-09 16:33:13.231  INFO 77748 --- [localhost-startStop-1] org.apache.jasper.servlet.TldScanner     : At least one JAR was scanned for TLDs yet contained no TLDs. Enable debug logging for this logger for a complete list of JARs that were scanned but no TLDs were found in them. Skipping unneeded JARs during scanning can improve startup time and JSP compilation time.
2019-11-09 16:33:13.233  INFO 77748 --- [localhost-startStop-1] o.a.c.c.C.[Tomcat].[localhost].[/]       : Initializing Spring embedded WebApplicationContext
2019-11-09 16:33:13.840  INFO 77748 --- [restartedMain] com.crave.edu.EducationApplication       : Started EducationApplication in 1.75 seconds (JVM running for 134.108)
2019-11-09 16:33:13.844  INFO 77748 --- [restartedMain] com.alibaba.druid.pool.DruidDataSource   : {dataSource-2} inited
2019-11-09 16:33:13.898 DEBUG 77748 --- [restartedMain] c.c.e.m.W.selectByExampleWithBLOBs       : ==>  Preparing: select id, app_id, app_secret, public_q_rcode, customer_service_q_rcode, create_time, update_time , activity_explain, activity_rules, antic, curriculum, projectInfo from wechat_config 
2019-11-09 16:33:13.898 DEBUG 77748 --- [restartedMain] c.c.e.m.W.selectByExampleWithBLOBs       : ==> Parameters: 
2019-11-09 16:33:13.962 DEBUG 77748 --- [restartedMain] c.c.e.m.W.selectByExampleWithBLOBs       : <==      Total: 1
2019-11-09 16:33:20.856  INFO 77748 --- [http-nio-80-exec-3] o.a.c.c.C.[Tomcat].[localhost].[/]       : Initializing Spring FrameworkServlet 'dispatcherServlet'
2019-11-09 16:33:44.938  INFO 77748 --- [Thread-10] com.alibaba.druid.pool.DruidDataSource   : {dataSource-2} closed
2019-11-09 16:33:46.060  INFO 77748 --- [restartedMain] com.crave.edu.EducationApplication       : Starting EducationApplication on DESKTOP-2A8NULN with PID 77748 (H:\2019\Education\target\classes started by Administrator in H:\2019\Education)
2019-11-09 16:33:46.061  INFO 77748 --- [restartedMain] com.crave.edu.EducationApplication       : No active profile set, falling back to default profiles: default
2019-11-09 16:33:46.995  INFO 77748 --- [restartedMain] o.apache.catalina.core.StandardService   : Starting service [Tomcat]
2019-11-09 16:33:46.996  INFO 77748 --- [restartedMain] org.apache.catalina.core.StandardEngine  : Starting Servlet Engine: Apache Tomcat/8.5.31
2019-11-09 16:33:47.192  INFO 77748 --- [localhost-startStop-1] org.apache.jasper.servlet.TldScanner     : At least one JAR was scanned for TLDs yet contained no TLDs. Enable debug logging for this logger for a complete list of JARs that were scanned but no TLDs were found in them. Skipping unneeded JARs during scanning can improve startup time and JSP compilation time.
2019-11-09 16:33:47.194  INFO 77748 --- [localhost-startStop-1] o.a.c.c.C.[Tomcat].[localhost].[/]       : Initializing Spring embedded WebApplicationContext
2019-11-09 16:33:47.760  INFO 77748 --- [restartedMain] com.crave.edu.EducationApplication       : Started EducationApplication in 1.747 seconds (JVM running for 168.028)
2019-11-09 16:33:47.763  INFO 77748 --- [restartedMain] com.alibaba.druid.pool.DruidDataSource   : {dataSource-3} inited
2019-11-09 16:33:47.827 DEBUG 77748 --- [restartedMain] c.c.e.m.W.selectByExampleWithBLOBs       : ==>  Preparing: select id, app_id, app_secret, public_q_rcode, customer_service_q_rcode, create_time, update_time , activity_explain, activity_rules, antic, curriculum, projectInfo from wechat_config 
2019-11-09 16:33:47.827 DEBUG 77748 --- [restartedMain] c.c.e.m.W.selectByExampleWithBLOBs       : ==> Parameters: 
2019-11-09 16:33:47.835 DEBUG 77748 --- [restartedMain] c.c.e.m.W.selectByExampleWithBLOBs       : <==      Total: 1
2019-11-09 16:33:51.886  INFO 77748 --- [http-nio-80-exec-2] o.a.c.c.C.[Tomcat].[localhost].[/]       : Initializing Spring FrameworkServlet 'dispatcherServlet'
2019-11-09 16:37:16.205  INFO 77748 --- [Thread-16] com.alibaba.druid.pool.DruidDataSource   : {dataSource-3} closed
2019-11-09 16:37:17.282  INFO 77748 --- [restartedMain] com.crave.edu.EducationApplication       : Starting EducationApplication on DESKTOP-2A8NULN with PID 77748 (H:\2019\Education\target\classes started by Administrator in H:\2019\Education)
2019-11-09 16:37:17.283  INFO 77748 --- [restartedMain] com.crave.edu.EducationApplication       : No active profile set, falling back to default profiles: default
2019-11-09 16:37:18.309  INFO 77748 --- [restartedMain] o.apache.catalina.core.StandardService   : Starting service [Tomcat]
2019-11-09 16:37:18.310  INFO 77748 --- [restartedMain] org.apache.catalina.core.StandardEngine  : Starting Servlet Engine: Apache Tomcat/8.5.31
2019-11-09 16:37:18.528  INFO 77748 --- [localhost-startStop-1] org.apache.jasper.servlet.TldScanner     : At least one JAR was scanned for TLDs yet contained no TLDs. Enable debug logging for this logger for a complete list of JARs that were scanned but no TLDs were found in them. Skipping unneeded JARs during scanning can improve startup time and JSP compilation time.
2019-11-09 16:37:18.530  INFO 77748 --- [localhost-startStop-1] o.a.c.c.C.[Tomcat].[localhost].[/]       : Initializing Spring embedded WebApplicationContext
2019-11-09 16:37:19.153  INFO 77748 --- [restartedMain] com.crave.edu.EducationApplication       : Started EducationApplication in 1.905 seconds (JVM running for 379.421)
2019-11-09 16:37:19.157  INFO 77748 --- [restartedMain] com.alibaba.druid.pool.DruidDataSource   : {dataSource-4} inited
2019-11-09 16:37:19.200 DEBUG 77748 --- [restartedMain] c.c.e.m.W.selectByExampleWithBLOBs       : ==>  Preparing: select id, app_id, app_secret, public_q_rcode, customer_service_q_rcode, create_time, update_time , activity_explain, activity_rules, antic, curriculum, projectInfo from wechat_config 
2019-11-09 16:37:19.201 DEBUG 77748 --- [restartedMain] c.c.e.m.W.selectByExampleWithBLOBs       : ==> Parameters: 
2019-11-09 16:37:19.214 DEBUG 77748 --- [restartedMain] c.c.e.m.W.selectByExampleWithBLOBs       : <==      Total: 1
2019-11-09 16:40:11.059  INFO 77748 --- [Thread-22] com.alibaba.druid.pool.DruidDataSource   : {dataSource-4} closed
2019-11-09 16:40:12.395  INFO 77748 --- [restartedMain] com.crave.edu.EducationApplication       : Starting EducationApplication on DESKTOP-2A8NULN with PID 77748 (H:\2019\Education\target\classes started by Administrator in H:\2019\Education)
2019-11-09 16:40:12.395  INFO 77748 --- [restartedMain] com.crave.edu.EducationApplication       : No active profile set, falling back to default profiles: default
2019-11-09 16:40:13.389  INFO 77748 --- [restartedMain] o.apache.catalina.core.StandardService   : Starting service [Tomcat]
2019-11-09 16:40:13.389  INFO 77748 --- [restartedMain] org.apache.catalina.core.StandardEngine  : Starting Servlet Engine: Apache Tomcat/8.5.31
2019-11-09 16:40:13.560  INFO 77748 --- [localhost-startStop-1] org.apache.jasper.servlet.TldScanner     : At least one JAR was scanned for TLDs yet contained no TLDs. Enable debug logging for this logger for a complete list of JARs that were scanned but no TLDs were found in them. Skipping unneeded JARs during scanning can improve startup time and JSP compilation time.
2019-11-09 16:40:13.561  INFO 77748 --- [localhost-startStop-1] o.a.c.c.C.[Tomcat].[localhost].[/]       : Initializing Spring embedded WebApplicationContext
2019-11-09 16:40:14.345  INFO 77748 --- [restartedMain] com.crave.edu.EducationApplication       : Started EducationApplication in 1.992 seconds (JVM running for 554.615)
2019-11-09 16:40:14.349  INFO 77748 --- [restartedMain] com.alibaba.druid.pool.DruidDataSource   : {dataSource-5} inited
2019-11-09 16:40:14.388 DEBUG 77748 --- [restartedMain] c.c.e.m.W.selectByExampleWithBLOBs       : ==>  Preparing: select id, app_id, app_secret, public_q_rcode, customer_service_q_rcode, create_time, update_time , activity_explain, activity_rules, antic, curriculum, projectInfo from wechat_config 
2019-11-09 16:40:14.389 DEBUG 77748 --- [restartedMain] c.c.e.m.W.selectByExampleWithBLOBs       : ==> Parameters: 
2019-11-09 16:40:14.391 DEBUG 77748 --- [restartedMain] c.c.e.m.W.selectByExampleWithBLOBs       : <==      Total: 1
2019-11-09 16:41:13.402  INFO 77748 --- [Thread-28] com.alibaba.druid.pool.DruidDataSource   : {dataSource-5} closed
2019-11-09 16:41:14.672  INFO 77748 --- [restartedMain] com.crave.edu.EducationApplication       : Starting EducationApplication on DESKTOP-2A8NULN with PID 77748 (H:\2019\Education\target\classes started by Administrator in H:\2019\Education)
2019-11-09 16:41:14.673  INFO 77748 --- [restartedMain] com.crave.edu.EducationApplication       : No active profile set, falling back to default profiles: default
2019-11-09 16:41:15.834  INFO 77748 --- [restartedMain] o.apache.catalina.core.StandardService   : Starting service [Tomcat]
2019-11-09 16:41:15.834  INFO 77748 --- [restartedMain] org.apache.catalina.core.StandardEngine  : Starting Servlet Engine: Apache Tomcat/8.5.31
2019-11-09 16:41:16.120  INFO 77748 --- [localhost-startStop-1] org.apache.jasper.servlet.TldScanner     : At least one JAR was scanned for TLDs yet contained no TLDs. Enable debug logging for this logger for a complete list of JARs that were scanned but no TLDs were found in them. Skipping unneeded JARs during scanning can improve startup time and JSP compilation time.
2019-11-09 16:41:16.123  INFO 77748 --- [localhost-startStop-1] o.a.c.c.C.[Tomcat].[localhost].[/]       : Initializing Spring embedded WebApplicationContext
2019-11-09 16:41:16.801  INFO 77748 --- [restartedMain] com.crave.edu.EducationApplication       : Started EducationApplication in 2.162 seconds (JVM running for 617.07)
2019-11-09 16:41:16.805  INFO 77748 --- [restartedMain] com.alibaba.druid.pool.DruidDataSource   : {dataSource-6} inited
2019-11-09 16:41:16.847 DEBUG 77748 --- [restartedMain] c.c.e.m.W.selectByExampleWithBLOBs       : ==>  Preparing: select id, app_id, app_secret, public_q_rcode, customer_service_q_rcode, create_time, update_time , activity_explain, activity_rules, antic, curriculum, projectInfo from wechat_config 
2019-11-09 16:41:16.848 DEBUG 77748 --- [restartedMain] c.c.e.m.W.selectByExampleWithBLOBs       : ==> Parameters: 
2019-11-09 16:41:16.850 DEBUG 77748 --- [restartedMain] c.c.e.m.W.selectByExampleWithBLOBs       : <==      Total: 1
2019-11-09 16:41:30.265  INFO 84240 --- [restartedMain] com.crave.edu.EducationApplication       : Starting EducationApplication on DESKTOP-2A8NULN with PID 84240 (H:\2019\Education\target\classes started by Administrator in H:\2019\Education)
2019-11-09 16:41:30.267  INFO 84240 --- [restartedMain] com.crave.edu.EducationApplication       : No active profile set, falling back to default profiles: default
2019-11-09 16:41:35.463  INFO 84240 --- [restartedMain] o.apache.catalina.core.StandardService   : Starting service [Tomcat]
2019-11-09 16:41:35.463  INFO 84240 --- [restartedMain] org.apache.catalina.core.StandardEngine  : Starting Servlet Engine: Apache Tomcat/8.5.31
2019-11-09 16:41:35.469  INFO 84240 --- [localhost-startStop-1] o.a.catalina.core.AprLifecycleListener   : The APR based Apache Tomcat Native library which allows optimal performance in production environments was not found on the java.library.path: [C:\Program Files\Java\jdk1.8.0_112\bin;C:\WINDOWS\Sun\Java\bin;C:\WINDOWS\system32;C:\WINDOWS;C:\ProgramData\Oracle\Java\javapath;I:\SoftData\Xshell\;C:\Windows\system32;C:\Windows;C:\Windows\System32\Wbem;C:\Windows\System32\WindowsPowerShell\v1.0\;C:\Windows\System32\OpenSSH\;C:\Program Files (x86)\NVIDIA Corporation\PhysX\Common;C:\Program Files\NVIDIA Corporation\NVIDIA NvDLISR;C:\WINDOWS\system32;C:\WINDOWS;C:\WINDOWS\System32\Wbem;C:\WINDOWS\System32\WindowsPowerShell\v1.0\;C:\WINDOWS\System32\OpenSSH\;C:\Program Files\Java\jdk1.8.0_112\bin;C:\Program Files\Java\jdk1.8.0_112\jre\bin;H:\2019\apache-maven-3.6.2-bin\apache-maven-3.6.2\apache-maven-3.6.2\bin;I:\SoftData\Git\cmd;C:\Users\Administrator\AppData\Local\Microsoft\WindowsApps;;.]
2019-11-09 16:41:35.852  INFO 84240 --- [localhost-startStop-1] org.apache.jasper.servlet.TldScanner     : At least one JAR was scanned for TLDs yet contained no TLDs. Enable debug logging for this logger for a complete list of JARs that were scanned but no TLDs were found in them. Skipping unneeded JARs during scanning can improve startup time and JSP compilation time.
2019-11-09 16:41:35.856  INFO 84240 --- [localhost-startStop-1] o.a.c.c.C.[Tomcat].[localhost].[/]       : Initializing Spring embedded WebApplicationContext
2019-11-09 16:41:38.212  INFO 84240 --- [restartedMain] com.crave.edu.EducationApplication       : Started EducationApplication in 8.558 seconds (JVM running for 11.14)
2019-11-09 16:41:38.304  INFO 84240 --- [restartedMain] com.alibaba.druid.pool.DruidDataSource   : {dataSource-1} inited
2019-11-09 16:41:38.676 DEBUG 84240 --- [restartedMain] c.c.e.m.W.selectByExampleWithBLOBs       : ==>  Preparing: select id, app_id, app_secret, public_q_rcode, customer_service_q_rcode, create_time, update_time , activity_explain, activity_rules, antic, curriculum, projectInfo from wechat_config 
2019-11-09 16:41:38.698 DEBUG 84240 --- [restartedMain] c.c.e.m.W.selectByExampleWithBLOBs       : ==> Parameters: 
2019-11-09 16:41:38.719 DEBUG 84240 --- [restartedMain] c.c.e.m.W.selectByExampleWithBLOBs       : <==      Total: 1
2019-11-09 16:41:52.621  INFO 84240 --- [http-nio-80-exec-2] o.a.c.c.C.[Tomcat].[localhost].[/]       : Initializing Spring FrameworkServlet 'dispatcherServlet'
2019-11-09 16:42:42.027  INFO 84240 --- [Thread-6] com.alibaba.druid.pool.DruidDataSource   : {dataSource-1} closed
2019-11-09 16:42:43.047  INFO 84240 --- [restartedMain] com.crave.edu.EducationApplication       : Starting EducationApplication on DESKTOP-2A8NULN with PID 84240 (H:\2019\Education\target\classes started by Administrator in H:\2019\Education)
2019-11-09 16:42:43.048  INFO 84240 --- [restartedMain] com.crave.edu.EducationApplication       : No active profile set, falling back to default profiles: default
2019-11-09 16:42:44.513  INFO 84240 --- [restartedMain] o.apache.catalina.core.StandardService   : Starting service [Tomcat]
2019-11-09 16:42:44.514  INFO 84240 --- [restartedMain] org.apache.catalina.core.StandardEngine  : Starting Servlet Engine: Apache Tomcat/8.5.31
2019-11-09 16:42:44.714  INFO 84240 --- [localhost-startStop-1] org.apache.jasper.servlet.TldScanner     : At least one JAR was scanned for TLDs yet contained no TLDs. Enable debug logging for this logger for a complete list of JARs that were scanned but no TLDs were found in them. Skipping unneeded JARs during scanning can improve startup time and JSP compilation time.
2019-11-09 16:42:44.716  INFO 84240 --- [localhost-startStop-1] o.a.c.c.C.[Tomcat].[localhost].[/]       : Initializing Spring embedded WebApplicationContext
2019-11-09 16:42:45.468  INFO 84240 --- [restartedMain] com.crave.edu.EducationApplication       : Started EducationApplication in 2.472 seconds (JVM running for 78.397)
2019-11-09 16:42:45.472  INFO 84240 --- [restartedMain] com.alibaba.druid.pool.DruidDataSource   : {dataSource-2} inited
2019-11-09 16:42:45.517 DEBUG 84240 --- [restartedMain] c.c.e.m.W.selectByExampleWithBLOBs       : ==>  Preparing: select id, app_id, app_secret, public_q_rcode, customer_service_q_rcode, create_time, update_time , activity_explain, activity_rules, antic, curriculum, projectInfo from wechat_config 
2019-11-09 16:42:45.517 DEBUG 84240 --- [restartedMain] c.c.e.m.W.selectByExampleWithBLOBs       : ==> Parameters: 
2019-11-09 16:42:45.521 DEBUG 84240 --- [restartedMain] c.c.e.m.W.selectByExampleWithBLOBs       : <==      Total: 1
2019-11-09 16:42:48.424  INFO 84240 --- [http-nio-80-exec-2] o.a.c.c.C.[Tomcat].[localhost].[/]       : Initializing Spring FrameworkServlet 'dispatcherServlet'
2019-11-09 16:46:25.620  INFO 84240 --- [Thread-10] com.alibaba.druid.pool.DruidDataSource   : {dataSource-2} closed
2019-11-09 16:46:26.741  INFO 84240 --- [restartedMain] com.crave.edu.EducationApplication       : Starting EducationApplication on DESKTOP-2A8NULN with PID 84240 (H:\2019\Education\target\classes started by Administrator in H:\2019\Education)
2019-11-09 16:46:26.741  INFO 84240 --- [restartedMain] com.crave.edu.EducationApplication       : No active profile set, falling back to default profiles: default
2019-11-09 16:46:28.325  INFO 84240 --- [restartedMain] o.apache.catalina.core.StandardService   : Starting service [Tomcat]
2019-11-09 16:46:28.326  INFO 84240 --- [restartedMain] org.apache.catalina.core.StandardEngine  : Starting Servlet Engine: Apache Tomcat/8.5.31
2019-11-09 16:46:28.571  INFO 84240 --- [localhost-startStop-1] org.apache.jasper.servlet.TldScanner     : At least one JAR was scanned for TLDs yet contained no TLDs. Enable debug logging for this logger for a complete list of JARs that were scanned but no TLDs were found in them. Skipping unneeded JARs during scanning can improve startup time and JSP compilation time.
2019-11-09 16:46:28.574  INFO 84240 --- [localhost-startStop-1] o.a.c.c.C.[Tomcat].[localhost].[/]       : Initializing Spring embedded WebApplicationContext
2019-11-09 16:46:29.509  INFO 84240 --- [restartedMain] com.crave.edu.EducationApplication       : Started EducationApplication in 2.819 seconds (JVM running for 302.437)
2019-11-09 16:46:29.514  INFO 84240 --- [restartedMain] com.alibaba.druid.pool.DruidDataSource   : {dataSource-3} inited
2019-11-09 16:46:29.592 DEBUG 84240 --- [restartedMain] c.c.e.m.W.selectByExampleWithBLOBs       : ==>  Preparing: select id, app_id, app_secret, public_q_rcode, customer_service_q_rcode, create_time, update_time , activity_explain, activity_rules, antic, curriculum, projectInfo from wechat_config 
2019-11-09 16:46:29.592 DEBUG 84240 --- [restartedMain] c.c.e.m.W.selectByExampleWithBLOBs       : ==> Parameters: 
2019-11-09 16:46:29.597 DEBUG 84240 --- [restartedMain] c.c.e.m.W.selectByExampleWithBLOBs       : <==      Total: 1
2019-11-09 16:46:31.569  INFO 84240 --- [http-nio-80-exec-2] o.a.c.c.C.[Tomcat].[localhost].[/]       : Initializing Spring FrameworkServlet 'dispatcherServlet'
2019-11-09 16:49:02.016  INFO 84240 --- [Thread-16] com.alibaba.druid.pool.DruidDataSource   : {dataSource-3} closed
2019-11-09 16:49:03.116  INFO 84240 --- [restartedMain] com.crave.edu.EducationApplication       : Starting EducationApplication on DESKTOP-2A8NULN with PID 84240 (H:\2019\Education\target\classes started by Administrator in H:\2019\Education)
2019-11-09 16:49:03.117  INFO 84240 --- [restartedMain] com.crave.edu.EducationApplication       : No active profile set, falling back to default profiles: default
2019-11-09 16:49:04.351  INFO 84240 --- [restartedMain] o.apache.catalina.core.StandardService   : Starting service [Tomcat]
2019-11-09 16:49:04.352  INFO 84240 --- [restartedMain] org.apache.catalina.core.StandardEngine  : Starting Servlet Engine: Apache Tomcat/8.5.31
2019-11-09 16:49:04.510  INFO 84240 --- [localhost-startStop-1] org.apache.jasper.servlet.TldScanner     : At least one JAR was scanned for TLDs yet contained no TLDs. Enable debug logging for this logger for a complete list of JARs that were scanned but no TLDs were found in them. Skipping unneeded JARs during scanning can improve startup time and JSP compilation time.
2019-11-09 16:49:04.512  INFO 84240 --- [localhost-startStop-1] o.a.c.c.C.[Tomcat].[localhost].[/]       : Initializing Spring embedded WebApplicationContext
2019-11-09 16:49:05.128  INFO 84240 --- [restartedMain] com.crave.edu.EducationApplication       : Started EducationApplication in 2.063 seconds (JVM running for 458.057)
2019-11-09 16:49:05.132  INFO 84240 --- [restartedMain] com.alibaba.druid.pool.DruidDataSource   : {dataSource-4} inited
2019-11-09 16:49:05.170 DEBUG 84240 --- [restartedMain] c.c.e.m.W.selectByExampleWithBLOBs       : ==>  Preparing: select id, app_id, app_secret, public_q_rcode, customer_service_q_rcode, create_time, update_time , activity_explain, activity_rules, antic, curriculum, projectInfo from wechat_config 
2019-11-09 16:49:05.170 DEBUG 84240 --- [restartedMain] c.c.e.m.W.selectByExampleWithBLOBs       : ==> Parameters: 
2019-11-09 16:49:05.173 DEBUG 84240 --- [restartedMain] c.c.e.m.W.selectByExampleWithBLOBs       : <==      Total: 1
2019-11-09 16:52:16.545  INFO 84240 --- [Thread-22] com.alibaba.druid.pool.DruidDataSource   : {dataSource-4} closed
2019-11-09 16:52:17.704  INFO 84240 --- [restartedMain] com.crave.edu.EducationApplication       : Starting EducationApplication on DESKTOP-2A8NULN with PID 84240 (H:\2019\Education\target\classes started by Administrator in H:\2019\Education)
2019-11-09 16:52:17.705  INFO 84240 --- [restartedMain] com.crave.edu.EducationApplication       : No active profile set, falling back to default profiles: default
2019-11-09 16:52:18.984  INFO 84240 --- [restartedMain] o.apache.catalina.core.StandardService   : Starting service [Tomcat]
2019-11-09 16:52:18.984  INFO 84240 --- [restartedMain] org.apache.catalina.core.StandardEngine  : Starting Servlet Engine: Apache Tomcat/8.5.31
2019-11-09 16:52:19.201  INFO 84240 --- [localhost-startStop-1] org.apache.jasper.servlet.TldScanner     : At least one JAR was scanned for TLDs yet contained no TLDs. Enable debug logging for this logger for a complete list of JARs that were scanned but no TLDs were found in them. Skipping unneeded JARs during scanning can improve startup time and JSP compilation time.
2019-11-09 16:52:19.204  INFO 84240 --- [localhost-startStop-1] o.a.c.c.C.[Tomcat].[localhost].[/]       : Initializing Spring embedded WebApplicationContext
2019-11-09 16:52:20.273  INFO 84240 --- [restartedMain] com.crave.edu.EducationApplication       : Started EducationApplication in 2.616 seconds (JVM running for 653.202)
2019-11-09 16:52:20.279  INFO 84240 --- [restartedMain] com.alibaba.druid.pool.DruidDataSource   : {dataSource-5} inited
2019-11-09 16:52:20.336 DEBUG 84240 --- [restartedMain] c.c.e.m.W.selectByExampleWithBLOBs       : ==>  Preparing: select id, app_id, app_secret, public_q_rcode, customer_service_q_rcode, create_time, update_time , activity_explain, activity_rules, antic, curriculum, projectInfo from wechat_config 
2019-11-09 16:52:20.337 DEBUG 84240 --- [restartedMain] c.c.e.m.W.selectByExampleWithBLOBs       : ==> Parameters: 
2019-11-09 16:52:20.364 DEBUG 84240 --- [restartedMain] c.c.e.m.W.selectByExampleWithBLOBs       : <==      Total: 1
2019-11-09 16:54:03.422  INFO 84240 --- [Thread-33] com.alibaba.druid.pool.DruidDataSource   : {dataSource-5} closed
